<?xml version="1.0" encoding="UTF-8"?>
<!-- Generated by org.testng.reporters.JUnitXMLReporter -->
<testsuite hostname="NISL" name="HomePageTest" tests="6" failures="0" timestamp="21 Jun 2019 11:18:23 GMT" time="92.649" errors="0">
  <testcase name="verifyUrl" time="0.035" classname="com.dancewear.testcases.HomePageTest"/>
  <testcase name="resizeScreenShot" time="5.883" classname="com.dancewear.testcases.HomePageTest"/>
  <testcase name="verifyTitle" time="3.868" classname="com.dancewear.testcases.DanceShoesTest"/>
  <testcase name="resizeScreenShot" time="5.652" classname="com.dancewear.testcases.DanceShoesTest"/>
  <testcase name="captureTitle" time="13.144" classname="com.dancewear.testcases.CostumesPageTest"/>
  <testcase name="resizeScreenShot" time="5.601" classname="com.dancewear.testcases.CostumesPageTest"/>
</testsuite> <!-- HomePageTest -->
